<?xml version="1.0" encoding="UTF-8"?>
<!-- Generated by org.testng.reporters.JUnitXMLReporter -->
<testsuite hostname="localhost" ignored="1" tests="4" failures="0" timestamp="28 十一月 2018 08:21:33 GMT" time="5.118" errors="0">
  <testcase name="testSpec" time="1.897" classname="Test1"/>
  <testcase name="testTesterHome" time="1.597" classname="Test1"/>
  <testcase name="testTesterHomeApi" time="0.469" classname="Test1"/>
  <testcase name="testTesterHomeJson" time="0.596" classname="Test1"/>
  <testcase name="testXML" time="0.0" classname="Test1">
    <ignored/>
  </testcase> <!-- testXML -->
</testsuite>
