<?xml version="1.0" encoding="UTF-8"?>
<testng-results skipped="0" failed="0" ignored="1" total="5" passed="4">
  <reporter-output>
  </reporter-output>
  <suite name="Surefire suite" duration-ms="5118" started-at="2018-11-28T08:21:28Z" finished-at="2018-11-28T08:21:33Z">
    <groups>
    </groups>
    <test name="Surefire test" duration-ms="5118" started-at="2018-11-28T08:21:28Z" finished-at="2018-11-28T08:21:33Z">
      <class name="Test1">
        <test-method status="PASS" signature="setUp()[pri:0, instance:Test1@35f983a6]" name="setUp" is-config="true" duration-ms="512" started-at="2018-11-28T16:21:28Z" finished-at="2018-11-28T16:21:29Z">
          <reporter-output>
          </reporter-output>
        </test-method> <!-- setUp -->
        <test-method status="PASS" signature="testSpec()[pri:0, instance:Test1@35f983a6]" name="testSpec" duration-ms="1897" started-at="2018-11-28T16:21:29Z" finished-at="2018-11-28T16:21:30Z">
          <reporter-output>
          </reporter-output>
        </test-method> <!-- testSpec -->
        <test-method status="PASS" signature="setUp()[pri:0, instance:Test1@35f983a6]" name="setUp" is-config="true" duration-ms="0" started-at="2018-11-28T16:21:30Z" finished-at="2018-11-28T16:21:30Z">
          <reporter-output>
          </reporter-output>
        </test-method> <!-- setUp -->
        <test-method status="PASS" signature="testTesterHome()[pri:0, instance:Test1@35f983a6]" name="testTesterHome" duration-ms="1597" started-at="2018-11-28T16:21:30Z" finished-at="2018-11-28T16:21:32Z">
          <reporter-output>
          </reporter-output>
        </test-method> <!-- testTesterHome -->
        <test-method status="PASS" signature="testTesterHomeApi()[pri:0, instance:Test1@35f983a6]" name="testTesterHomeApi" duration-ms="469" started-at="2018-11-28T16:21:32Z" finished-at="2018-11-28T16:21:32Z">
          <reporter-output>
          </reporter-output>
        </test-method> <!-- testTesterHomeApi -->
        <test-method status="PASS" signature="setUp()[pri:0, instance:Test1@35f983a6]" name="setUp" is-config="true" duration-ms="0" started-at="2018-11-28T16:21:32Z" finished-at="2018-11-28T16:21:32Z">
          <reporter-output>
          </reporter-output>
        </test-method> <!-- setUp -->
        <test-method status="PASS" signature="setUp()[pri:0, instance:Test1@35f983a6]" name="setUp" is-config="true" duration-ms="0" started-at="2018-11-28T16:21:32Z" finished-at="2018-11-28T16:21:32Z">
          <reporter-output>
          </reporter-output>
        </test-method> <!-- setUp -->
        <test-method status="PASS" signature="testTesterHomeJson()[pri:0, instance:Test1@35f983a6]" name="testTesterHomeJson" duration-ms="596" started-at="2018-11-28T16:21:32Z" finished-at="2018-11-28T16:21:33Z">
          <reporter-output>
          </reporter-output>
        </test-method> <!-- testTesterHomeJson -->
      </class> <!-- Test1 -->
    </test> <!-- Surefire test -->
  </suite> <!-- Surefire suite -->
</testng-results>
