<?xml version="1.0" encoding="UTF-8"?>
<testsuite xmlns:xsi="http://www.w3.org/2001/XMLSchema-instance" xsi:noNamespaceSchemaLocation="https://maven.apache.org/surefire/maven-surefire-plugin/xsd/surefire-test-report.xsd" name="Test1" time="5.407" tests="4" errors="0" skipped="0" failures="0">
  <properties>
[...]
</properties>
  <testcase name="testSpec" classname="Test1" time="1.897"/>
  <testcase name="testTesterHome" classname="Test1" time="1.597"/>
  <testcase name="testTesterHomeApi" classname="Test1" time="0.468"/>
  <testcase name="testTesterHomeJson" classname="Test1" time="0.596"/>
</testsuite>